<?xml version="1.0" encoding="UTF-8"?>
<testng-results skipped="0" failed="1" ignored="6" total="10" passed="3">
  <reporter-output>
  </reporter-output>
  <suite name="Test Suite - framework" duration-ms="31377" started-at="2020-03-03T08:07:24Z" finished-at="2020-03-03T08:07:55Z">
    <groups>
    </groups>
    <test name="api_Test " duration-ms="31377" started-at="2020-03-03T08:07:24Z" finished-at="2020-03-03T08:07:55Z">
      <class name="com.rest_assured.smokeapi.PutDataTest">
        <test-method status="PASS" signature="putData()[pri:0, instance:com.rest_assured.smokeapi.PutDataTest@13da7ab0]" name="putData" duration-ms="800" started-at="2020-03-03T08:07:43Z" finished-at="2020-03-03T08:07:43Z">
          <reporter-output>
          </reporter-output>
        </test-method> <!-- putData -->
        <test-method status="PASS" signature="refreshKibanaServer()[pri:0, instance:com.rest_assured.smokeapi.PutDataTest@13da7ab0]" name="refreshKibanaServer" is-config="true" duration-ms="5458" started-at="2020-03-03T08:07:43Z" finished-at="2020-03-03T08:07:49Z">
          <reporter-output>
          </reporter-output>
        </test-method> <!-- refreshKibanaServer -->
      </class> <!-- com.rest_assured.smokeapi.PutDataTest -->
      <class name="com.rest_assured.smokeapi.DeleteData">
        <test-method status="FAIL" signature="deleteData()[pri:0, instance:com.rest_assured.smokeapi.DeleteData@2c8662ac]" name="deleteData" duration-ms="847" started-at="2020-03-03T08:07:49Z" finished-at="2020-03-03T08:07:50Z">
          <exception class="java.lang.AssertionError">
            <message>
              <![CDATA[Incorrect response code expected [200] but found [204]]]>
            </message>
            <full-stacktrace>
              <![CDATA[java.lang.AssertionError: Incorrect response code expected [200] but found [204]
at org.testng.Assert.fail(Assert.java:96)
at org.testng.Assert.failNotEquals(Assert.java:776)
at org.testng.Assert.assertEqualsImpl(Assert.java:137)
at org.testng.Assert.assertEquals(Assert.java:118)
at org.testng.Assert.assertEquals(Assert.java:652)
at com.rest_assured.restapi.RestValidator.expectedResponseCode(RestValidator.java:26)
at com.rest_assured.smokeapi.DeleteData.deleteData(DeleteData.java:28)
at sun.reflect.NativeMethodAccessorImpl.invoke0(Native Method)
at sun.reflect.NativeMethodAccessorImpl.invoke(NativeMethodAccessorImpl.java:62)
at sun.reflect.DelegatingMethodAccessorImpl.invoke(DelegatingMethodAccessorImpl.java:43)
at java.lang.reflect.Method.invoke(Method.java:498)
at org.testng.internal.MethodInvocationHelper.invokeMethod(MethodInvocationHelper.java:124)
at org.testng.internal.Invoker.invokeMethod(Invoker.java:583)
at org.testng.internal.Invoker.invokeTestMethod(Invoker.java:719)
at org.testng.internal.Invoker.invokeTestMethods(Invoker.java:989)
at org.testng.internal.TestMethodWorker.invokeTestMethods(TestMethodWorker.java:125)
at org.testng.internal.TestMethodWorker.run(TestMethodWorker.java:109)
at org.testng.TestRunner.privateRun(TestRunner.java:648)
at org.testng.TestRunner.run(TestRunner.java:505)
at org.testng.SuiteRunner.runTest(SuiteRunner.java:455)
at org.testng.SuiteRunner.access$000(SuiteRunner.java:40)
at org.testng.SuiteRunner$SuiteWorker.run(SuiteRunner.java:489)
at org.testng.internal.thread.ThreadUtil$1.call(ThreadUtil.java:52)
at java.util.concurrent.FutureTask.run(FutureTask.java:266)
at java.util.concurrent.ThreadPoolExecutor.runWorker(ThreadPoolExecutor.java:1149)
at java.util.concurrent.ThreadPoolExecutor$Worker.run(ThreadPoolExecutor.java:624)
at java.lang.Thread.run(Thread.java:748)
]]>
            </full-stacktrace>
          </exception> <!-- java.lang.AssertionError -->
          <reporter-output>
          </reporter-output>
        </test-method> <!-- deleteData -->
        <test-method status="PASS" signature="refreshKibanaServer()[pri:0, instance:com.rest_assured.smokeapi.DeleteData@2c8662ac]" name="refreshKibanaServer" is-config="true" duration-ms="5171" started-at="2020-03-03T08:07:50Z" finished-at="2020-03-03T08:07:55Z">
          <reporter-output>
          </reporter-output>
        </test-method> <!-- refreshKibanaServer -->
      </class> <!-- com.rest_assured.smokeapi.DeleteData -->
      <class name="com.rest_assured.smokeapi.GetWeatherData">
        <test-method status="PASS" signature="setAllureEnvironment()[pri:0, instance:com.rest_assured.smokeapi.GetWeatherData@700f518a]" name="setAllureEnvironment" is-config="true" duration-ms="12151" started-at="2020-03-03T08:07:11Z" finished-at="2020-03-03T08:07:24Z">
          <reporter-output>
          </reporter-output>
        </test-method> <!-- setAllureEnvironment -->
        <test-method status="PASS" signature="getWeatherDataTest()[pri:0, instance:com.rest_assured.smokeapi.GetWeatherData@700f518a]" name="getWeatherDataTest" duration-ms="4904" started-at="2020-03-03T08:07:24Z" finished-at="2020-03-03T08:07:29Z">
          <reporter-output>
          </reporter-output>
        </test-method> <!-- getWeatherDataTest -->
        <test-method status="PASS" signature="refreshKibanaServer()[pri:0, instance:com.rest_assured.smokeapi.GetWeatherData@700f518a]" name="refreshKibanaServer" is-config="true" duration-ms="5717" started-at="2020-03-03T08:07:30Z" finished-at="2020-03-03T08:07:36Z">
          <reporter-output>
          </reporter-output>
        </test-method> <!-- refreshKibanaServer -->
        <test-method status="PASS" signature="showAllureReport()[pri:0, instance:com.rest_assured.smokeapi.GetWeatherData@700f518a]" name="showAllureReport" is-config="true" duration-ms="10009" started-at="2020-03-03T08:07:55Z" finished-at="2020-03-03T08:08:05Z">
          <reporter-output>
          </reporter-output>
        </test-method> <!-- showAllureReport -->
      </class> <!-- com.rest_assured.smokeapi.GetWeatherData -->
      <class name="com.rest_assured.smokeapi.Registartion">
        <test-method status="PASS" signature="registartion()[pri:0, instance:com.rest_assured.smokeapi.Registartion@b835727]" name="registartion" duration-ms="1295" started-at="2020-03-03T08:07:36Z" finished-at="2020-03-03T08:07:37Z">
          <reporter-output>
          </reporter-output>
        </test-method> <!-- registartion -->
        <test-method status="PASS" signature="refreshKibanaServer()[pri:0, instance:com.rest_assured.smokeapi.Registartion@b835727]" name="refreshKibanaServer" is-config="true" duration-ms="5263" started-at="2020-03-03T08:07:37Z" finished-at="2020-03-03T08:07:43Z">
          <reporter-output>
          </reporter-output>
        </test-method> <!-- refreshKibanaServer -->
      </class> <!-- com.rest_assured.smokeapi.Registartion -->
    </test> <!-- api_Test  -->
  </suite> <!-- Test Suite - framework -->
</testng-results>
