<?xml version="1.0" encoding="UTF-8"?>
<!-- Generated by org.testng.reporters.JUnitXMLReporter -->
<testsuite hostname="WKWIN1197952" ignored="6" name="api_Test " tests="4" failures="1" timestamp="03 Mar 2020 08:07:55 GMT" time="31.377" errors="0">
  <testcase name="getWeatherDataTest" time="4.904" classname="com.rest_assured.smokeapi.GetWeatherData"/>
  <testcase name="registartion" time="1.295" classname="com.rest_assured.smokeapi.Registartion"/>
  <testcase name="putData" time="0.8" classname="com.rest_assured.smokeapi.PutDataTest"/>
  <testcase name="deleteData" time="0.847" classname="com.rest_assured.smokeapi.DeleteData">
    <failure type="java.lang.AssertionError" message="Incorrect response code expected [200] but found [204]">
      <![CDATA[java.lang.AssertionError: Incorrect response code expected [200] but found [204]
at com.rest_assured.restapi.RestValidator.expectedResponseCode(RestValidator.java:26)
at com.rest_assured.smokeapi.DeleteData.deleteData(DeleteData.java:28)
at java.util.concurrent.FutureTask.run(FutureTask.java:266)
at java.util.concurrent.ThreadPoolExecutor.runWorker(ThreadPoolExecutor.java:1149)
at java.util.concurrent.ThreadPoolExecutor$Worker.run(ThreadPoolExecutor.java:624)
at java.lang.Thread.run(Thread.java:748)
... Removed 21 stack frames]]>
    </failure>
  </testcase> <!-- deleteData -->
  <testcase name="@BeforeSuite setAllureEnvironment" time="0.0" classname="com.rest_assured.testbase.TestBase">
    <ignored/>
  </testcase> <!-- @BeforeSuite setAllureEnvironment -->
  <testcase name="@BeforeSuite setAllureEnvironment" time="0.0" classname="com.rest_assured.testbase.TestBase">
    <ignored/>
  </testcase> <!-- @BeforeSuite setAllureEnvironment -->
  <testcase name="@BeforeSuite setAllureEnvironment" time="0.0" classname="com.rest_assured.testbase.TestBase">
    <ignored/>
  </testcase> <!-- @BeforeSuite setAllureEnvironment -->
  <testcase name="@AfterSuite showAllureReport" time="0.0" classname="com.rest_assured.testbase.TestBase">
    <ignored/>
  </testcase> <!-- @AfterSuite showAllureReport -->
  <testcase name="@AfterSuite showAllureReport" time="0.0" classname="com.rest_assured.testbase.TestBase">
    <ignored/>
  </testcase> <!-- @AfterSuite showAllureReport -->
  <testcase name="@AfterSuite showAllureReport" time="0.0" classname="com.rest_assured.testbase.TestBase">
    <ignored/>
  </testcase> <!-- @AfterSuite showAllureReport -->
</testsuite> <!-- api_Test  -->
